----Reporte de Error----

Title:

Timestamp: 21/04/2020 1:24:54 p. m.

Message: There is no explicit mapping for the categories 'Error'. The log entry was: 
Timestamp: 21/04/2020 1:24:54 p. m.
Message: Failed to read statement. Try again or contact your administrator 
module whLogIni.aspx for ddlIdioma1 return null on query
Category: Error
Priority: 9
EventId: 9007
Severity: Error
Title:Excepcion en Modulo de Aplicacion (General)LabelsText.readStatement
Machine: LW10CONSULTORTI
App Domain: 255cd914-28-132319490897807457
ProcessId: 14476
Process Name: C:\Program Files (x86)\Common Files\Microsoft Shared\DevServer\10.0\WebDev.WebServer40.exe
Thread Name: 
Win32 ThreadId:15660
Extended Properties: Generado desde :  - whusa.Utilidades.dll
Clase:  - LabelsText
Metodo:  - readStatement
Modulo - --- [Este valor debe ser el nombre de la clase y metodo que genera la excepcion ] --- 


Category: 

Priority: -1

Severity: Error

Machine: LW10CONSULTORTI

App Domain: 255cd914-28-132319490897807457

ProcessId: 14476

Extended Properties: 
-----Fin de Reporte----
----Reporte de Error----

Title:

Timestamp: 21/04/2020 1:25:06 p. m.

Message: There is no explicit mapping for the categories 'Error'. The log entry was: 
Timestamp: 21/04/2020 1:25:06 p. m.
Message: Referencia a objeto no establecida como instancia de un objeto.
Category: Error
Priority: 9
EventId: 9007
Severity: Error
Title:Excepcion en Modulo de Aplicacion (General)MDMasterPage..cctor
Machine: LW10CONSULTORTI
App Domain: 255cd914-28-132319490897807457
ProcessId: 14476
Process Name: C:\Program Files (x86)\Common Files\Microsoft Shared\DevServer\10.0\WebDev.WebServer40.exe
Thread Name: 
Win32 ThreadId:9468
Extended Properties: Generado desde :  - .ctor
Clase:  - MDMasterPage
Metodo:  - .cctor
Modulo - --- [Este valor debe ser el nombre de la clase y metodo que genera la excepcion ] --- 


Category: 

Priority: -1

Severity: Error

Machine: LW10CONSULTORTI

App Domain: 255cd914-28-132319490897807457

ProcessId: 14476

Extended Properties: 
-----Fin de Reporte----
----Reporte de Error----

Title:

Timestamp: 21/04/2020 1:29:08 p. m.

Message: There is no explicit mapping for the categories 'Error'. The log entry was: 
Timestamp: 21/04/2020 1:29:08 p. m.
Message: ORA-01843: mes no válido
 [select  inh220.t$orno ORNO, inh220.t$oset OSET, inh220.t$pono PONO, inh220.t$seqn SEQN, inh220.t$item ITEM,
          ibd001.t$dsca DSCA, inh220.t$qstr QSTR, inh220.t$stun STUN, wmd215.t$stoc STOC, ibd001.t$cuni CUNI,
          inh220.t$pddt PDDT, inh200.t$stad STAD,inh200.t$sfco SFCO,inh200.t$oorg OORG
          from    BAAN.twhinh220140 inh220
          inner join BAAN.ttcibd001140 ibd001 on ibd001.t$item = inh220.t$item
          inner join BAAN.twhinh200140 inh200 on inh200.t$oorg = inh220.t$oorg
          and inh200.t$orno = inh220.t$orno and inh200.t$oset = inh220.t$oset
          left join BAAN.twhwmd215140 wmd215 on wmd215.t$cwar = inh200.t$sfco
          and wmd215.t$item = inh220.t$item
          where   inh220.t$lsta = 5
          and     inh220.t$oorg = 1
          and TRIM(inh200.T$STCO)=TRIM('C00000017')
          and inh220.t$pddt <= TO_CHAR(TO_DATE('2019-06-09','MM/DD/YYYY'),'DD-MON-YYYY')
          and not exists (select (col082.t$orno||col082.t$pono||col082.t$oset) from BAAN.tticol082140 col082
          where   col082.t$orno = inh220.t$orno
          and     col082.t$pono = inh220.t$pono
          and     col082.t$oset = inh220.t$oset
          and     col082.t$oorg = inh220.t$oorg
          and     col082.t$sqnb = inh220.t$seqn)
          order by inh220.t$pddt, inh220.t$orno, inh220.t$pono ASC]
Category: Error
Priority: 9
EventId: 9007
Severity: Error
Title:Excepcion en Modulo de Aplicacion (General)BaseDal.agregaParametrosCommand
Machine: LW10CONSULTORTI
App Domain: 255cd914-28-132319490897807457
ProcessId: 14476
Process Name: C:\Program Files (x86)\Common Files\Microsoft Shared\DevServer\10.0\WebDev.WebServer40.exe
Thread Name: 
Win32 ThreadId:9468
Extended Properties: Generado desde :  - EjecutarCons
Clase:  - BaseDal
Metodo:  - agregaParametrosCommand
Modulo - --- [Este valor debe ser el nombre de la clase y metodo que genera la excepcion ] --- 


Category: 

Priority: -1

Severity: Error

Machine: LW10CONSULTORTI

App Domain: 255cd914-28-132319490897807457

ProcessId: 14476

Extended Properties: 
-----Fin de Reporte----
----Reporte de Error----

Title:

Timestamp: 21/04/2020 1:31:47 p. m.

Message: There is no explicit mapping for the categories 'Error'. The log entry was: 
Timestamp: 21/04/2020 1:31:47 p. m.
Message: ORA-01843: mes no válido
 [select  inh220.t$orno ORNO, inh220.t$oset OSET, inh220.t$pono PONO, inh220.t$seqn SEQN, inh220.t$item ITEM,
          ibd001.t$dsca DSCA, inh220.t$qstr QSTR, inh220.t$stun STUN, wmd215.t$stoc STOC, ibd001.t$cuni CUNI,
          inh220.t$pddt PDDT, inh200.t$stad STAD,inh200.t$sfco SFCO,inh200.t$oorg OORG
          from    BAAN.twhinh220140 inh220
          inner join BAAN.ttcibd001140 ibd001 on ibd001.t$item = inh220.t$item
          inner join BAAN.twhinh200140 inh200 on inh200.t$oorg = inh220.t$oorg
          and inh200.t$orno = inh220.t$orno and inh200.t$oset = inh220.t$oset
          left join BAAN.twhwmd215140 wmd215 on wmd215.t$cwar = inh200.t$sfco
          and wmd215.t$item = inh220.t$item
          where   inh220.t$lsta = 5
          and     inh220.t$oorg = 1
          and TRIM(inh200.T$STCO)=TRIM('C00000017')
          and inh220.t$pddt <= TO_CHAR(TO_DATE('2019-06-09','MM/DD/YYYY'),'DD-MON-YYYY')
          and not exists (select (col082.t$orno||col082.t$pono||col082.t$oset) from BAAN.tticol082140 col082
          where   col082.t$orno = inh220.t$orno
          and     col082.t$pono = inh220.t$pono
          and     col082.t$oset = inh220.t$oset
          and     col082.t$oorg = inh220.t$oorg
          and     col082.t$sqnb = inh220.t$seqn)
          order by inh220.t$pddt, inh220.t$orno, inh220.t$pono ASC]
Category: Error
Priority: 9
EventId: 9007
Severity: Error
Title:Excepcion en Modulo de Aplicacion (General)BaseDal.agregaParametrosCommand
Machine: LW10CONSULTORTI
App Domain: 255cd914-28-132319490897807457
ProcessId: 14476
Process Name: C:\Program Files (x86)\Common Files\Microsoft Shared\DevServer\10.0\WebDev.WebServer40.exe
Thread Name: 
Win32 ThreadId:9468
Extended Properties: Generado desde :  - EjecutarCons
Clase:  - BaseDal
Metodo:  - agregaParametrosCommand
Modulo - --- [Este valor debe ser el nombre de la clase y metodo que genera la excepcion ] --- 


Category: 

Priority: -1

Severity: Error

Machine: LW10CONSULTORTI

App Domain: 255cd914-28-132319490897807457

ProcessId: 14476

Extended Properties: 
-----Fin de Reporte----
----Reporte de Error----

Title:

Timestamp: 21/04/2020 1:32:58 p. m.

Message: There is no explicit mapping for the categories 'Error'. The log entry was: 
Timestamp: 21/04/2020 1:32:58 p. m.
Message: ORA-01843: mes no válido
 [select  inh220.t$orno ORNO, inh220.t$oset OSET, inh220.t$pono PONO, inh220.t$seqn SEQN, inh220.t$item ITEM,
          ibd001.t$dsca DSCA, inh220.t$qstr QSTR, inh220.t$stun STUN, wmd215.t$stoc STOC, ibd001.t$cuni CUNI,
          inh220.t$pddt PDDT, inh200.t$stad STAD,inh200.t$sfco SFCO,inh200.t$oorg OORG
          from    BAAN.twhinh220140 inh220
          inner join BAAN.ttcibd001140 ibd001 on ibd001.t$item = inh220.t$item
          inner join BAAN.twhinh200140 inh200 on inh200.t$oorg = inh220.t$oorg
          and inh200.t$orno = inh220.t$orno and inh200.t$oset = inh220.t$oset
          left join BAAN.twhwmd215140 wmd215 on wmd215.t$cwar = inh200.t$sfco
          and wmd215.t$item = inh220.t$item
          where   inh220.t$lsta = 5
          and     inh220.t$oorg = 1
          and TRIM(inh200.T$STCO)=TRIM('C00000017')
          and inh220.t$pddt <= TO_CHAR(TO_DATE('2019-06-09','MM/DD/YYYY'),'DD-MON-YYYY')
          and not exists (select (col082.t$orno||col082.t$pono||col082.t$oset) from BAAN.tticol082140 col082
          where   col082.t$orno = inh220.t$orno
          and     col082.t$pono = inh220.t$pono
          and     col082.t$oset = inh220.t$oset
          and     col082.t$oorg = inh220.t$oorg
          and     col082.t$sqnb = inh220.t$seqn)
          order by inh220.t$pddt, inh220.t$orno, inh220.t$pono ASC]
Category: Error
Priority: 9
EventId: 9007
Severity: Error
Title:Excepcion en Modulo de Aplicacion (General)BaseDal.agregaParametrosCommand
Machine: LW10CONSULTORTI
App Domain: 255cd914-28-132319490897807457
ProcessId: 14476
Process Name: C:\Program Files (x86)\Common Files\Microsoft Shared\DevServer\10.0\WebDev.WebServer40.exe
Thread Name: 
Win32 ThreadId:9468
Extended Properties: Generado desde :  - EjecutarCons
Clase:  - BaseDal
Metodo:  - agregaParametrosCommand
Modulo - --- [Este valor debe ser el nombre de la clase y metodo que genera la excepcion ] --- 


Category: 

Priority: -1

Severity: Error

Machine: LW10CONSULTORTI

App Domain: 255cd914-28-132319490897807457

ProcessId: 14476

Extended Properties: 
-----Fin de Reporte----
----Reporte de Error----

Title:

Timestamp: 21/04/2020 1:34:45 p. m.

Message: There is no explicit mapping for the categories 'Error'. The log entry was: 
Timestamp: 21/04/2020 1:34:45 p. m.
Message: ORA-01400: no se puede realizar una inserción NULL en ("BAAN"."TTCCOL301140"."T$COME")

Category: Error
Priority: 9
EventId: 9007
Severity: Error
Title:Excepcion en Modulo de Aplicacion (General)BaseDal.GetDbType
Machine: LW10CONSULTORTI
App Domain: 255cd914-28-132319490897807457
ProcessId: 14476
Process Name: C:\Program Files (x86)\Common Files\Microsoft Shared\DevServer\10.0\WebDev.WebServer40.exe
Thread Name: 
Win32 ThreadId:9468
Extended Properties: Generado desde :  - EjecutarCons
Clase:  - BaseDal
Metodo:  - GetDbType
Modulo - --- [Este valor debe ser el nombre de la clase y metodo que genera la excepcion ] --- 


Category: 

Priority: -1

Severity: Error

Machine: LW10CONSULTORTI

App Domain: 255cd914-28-132319490897807457

ProcessId: 14476

Extended Properties: 
-----Fin de Reporte----
----Reporte de Error----

Title:

Timestamp: 21/04/2020 1:34:45 p. m.

Message: There is no explicit mapping for the categories 'Error'. The log entry was: 
Timestamp: 21/04/2020 1:34:45 p. m.
Message: Error when inserting data [ttccol301]. Try again or contact your administrator 

ORA-01400: no se puede realizar una inserción NULL en ("BAAN"."TTCCOL301140"."T$COME")

Category: Error
Priority: 9
EventId: 9007
Severity: Error
Title:Excepcion en Modulo de Aplicacion (General)ttccol301.AdicionaParametrosComunes
Machine: LW10CONSULTORTI
App Domain: 255cd914-28-132319490897807457
ProcessId: 14476
Process Name: C:\Program Files (x86)\Common Files\Microsoft Shared\DevServer\10.0\WebDev.WebServer40.exe
Thread Name: 
Win32 ThreadId:9468
Extended Properties: Generado desde :  - .ctor
Clase:  - ttccol301
Metodo:  - AdicionaParametrosComunes
Modulo - --- [Este valor debe ser el nombre de la clase y metodo que genera la excepcion ] --- 


Category: 

Priority: -1

Severity: Error

Machine: LW10CONSULTORTI

App Domain: 255cd914-28-132319490897807457

ProcessId: 14476

Extended Properties: 
-----Fin de Reporte----
----Reporte de Error----

Title:

Timestamp: 21/04/2020 1:34:45 p. m.

Message: There is no explicit mapping for the categories 'Error'. The log entry was: 
Timestamp: 21/04/2020 1:34:45 p. m.
Message: Referencia a objeto no establecida como instancia de un objeto.
Category: Error
Priority: 9
EventId: 9007
Severity: Error
Title:Excepcion en Modulo de Aplicacion (General)MDMasterPage..cctor
Machine: LW10CONSULTORTI
App Domain: 255cd914-28-132319490897807457
ProcessId: 14476
Process Name: C:\Program Files (x86)\Common Files\Microsoft Shared\DevServer\10.0\WebDev.WebServer40.exe
Thread Name: 
Win32 ThreadId:9468
Extended Properties: Generado desde :  - .ctor
Clase:  - MDMasterPage
Metodo:  - .cctor
Modulo - --- [Este valor debe ser el nombre de la clase y metodo que genera la excepcion ] --- 


Category: 

Priority: -1

Severity: Error

Machine: LW10CONSULTORTI

App Domain: 255cd914-28-132319490897807457

ProcessId: 14476

Extended Properties: 
-----Fin de Reporte----
