----Reporte de Error----

Title:

Timestamp: 27/03/2020 6:23:45 p. m.

Message: There is no explicit mapping for the categories 'Error'. The log entry was: 
Timestamp: 27/03/2020 6:23:45 p. m.
Message: Failed to read statement. Try again or contact your administrator 
module whLogIni.aspx for ddlIdioma1 return null on query
Category: Error
Priority: 9
EventId: 9007
Severity: Error
Title:Excepcion en Modulo de Aplicacion (General)LabelsText.readStatement
Machine: LW10CONSULTORTI
App Domain: 255cd914-32-132298070215860777
ProcessId: 13920
Process Name: C:\Program Files (x86)\Common Files\Microsoft Shared\DevServer\10.0\WebDev.WebServer40.exe
Thread Name: 
Win32 ThreadId:25352
Extended Properties: Generado desde :  - whusa.Utilidades.dll
Clase:  - LabelsText
Metodo:  - readStatement
Modulo - --- [Este valor debe ser el nombre de la clase y metodo que genera la excepcion ] --- 


Category: 

Priority: -1

Severity: Error

Machine: LW10CONSULTORTI

App Domain: 255cd914-32-132298070215860777

ProcessId: 13920

Extended Properties: 
-----Fin de Reporte----
